<?xml version="1.0" encoding="UTF-8"?>
<testng-results ignored="0" total="1" passed="1" failed="0" skipped="0">
  <reporter-output>
  </reporter-output>
  <suite started-at="2024-02-13T12:15:35 IST" name="Default suite" finished-at="2024-02-13T12:15:46 IST" duration-ms="10765">
    <groups>
    </groups>
    <test started-at="2024-02-13T12:15:35 IST" name="Default test" finished-at="2024-02-13T12:15:46 IST" duration-ms="10765">
      <class name="givenAutomation.automation.jenkinHello">
        <test-method signature="launck()[pri:0, instance:givenAutomation.automation.jenkinHello@6adbc9d]" started-at="2024-02-13T12:15:35 IST" name="launck" finished-at="2024-02-13T12:15:46 IST" duration-ms="10691" status="PASS">
          <reporter-output>
          </reporter-output>
        </test-method> <!-- launck -->
      </class> <!-- givenAutomation.automation.jenkinHello -->
    </test> <!-- Default test -->
  </suite> <!-- Default suite -->
</testng-results>
